<?xml version="1.0" encoding="UTF-8"?>
<testsuite xmlns:xsi="http://www.w3.org/2001/XMLSchema-instance" xsi:noNamespaceSchemaLocation="https://maven.apache.org/surefire/maven-surefire-plugin/xsd/surefire-test-report-3.0.xsd" version="3.0" name="PriorityQueueTest" time="0.102" tests="9" errors="0" skipped="0" failures="0">
  <properties>
[...]
</properties>
  <testcase name="TestPriorityQueue(int[], int[])[1]" classname="PriorityQueueTest" time="0.044"/>
  <testcase name="TestPriorityQueue(int[], int[])[2]" classname="PriorityQueueTest" time="0.001"/>
  <testcase name="TestPriorityQueue(int[], int[])[3]" classname="PriorityQueueTest" time="0.001"/>
  <testcase name="TestPriorityQueue(int[], int[])[4]" classname="PriorityQueueTest" time="0.001"/>
  <testcase name="TestPriorityQueue(int[], int[])[5]" classname="PriorityQueueTest" time="0.001"/>
  <testcase name="TestPriorityQueue(int[], int[])[6]" classname="PriorityQueueTest" time="0.001"/>
  <testcase name="whenExceptionThrown_thenOfferNull" classname="PriorityQueueTest" time="0.002"/>
  <testcase name="whenExceptionThrown_thenCannotCastDifferentObject" classname="PriorityQueueTest" time="0.001"/>
  <testcase name="whenExceptionThrown_thenInitialCapacityNotGreaterThenOne" classname="PriorityQueueTest" time="0.001"/>
</testsuite>